time=2024-07-16T02:22:14.922+05:00 level=INFO msg="GetAllStories started"
time=2024-07-16T02:22:14.961+05:00 level=ERROR msg="rpc error: code = Unavailable desc = connection error: desc = \"transport: Error while dialing: dial tcp 0.0.195.132:443: connect: no route to host\""
time=2024-07-16T02:22:14.961+05:00 level=INFO msg="GetAllStories ended"
time=2024-07-16T02:23:35.006+05:00 level=INFO msg="GetStory started"
time=2024-07-16T02:23:35.006+05:00 level=ERROR msg="rpc error: code = Unavailable desc = connection error: desc = \"transport: Error while dialing: dial tcp 0.0.195.132:443: connect: no route to host\""
time=2024-07-16T02:23:35.006+05:00 level=INFO msg="GetStory ended"
time=2024-07-16T02:26:00.183+05:00 level=INFO msg="GetStory started"
time=2024-07-16T02:26:00.248+05:00 level=INFO msg="GetStory ended"
time=2024-07-16T02:29:44.037+05:00 level=INFO msg="CreateStory started"
time=2024-07-16T02:29:44.111+05:00 level=INFO msg="CreateStory ended"
time=2024-07-16T09:13:24.697+05:00 level=INFO msg="GetAllStories started"
time=2024-07-16T09:13:24.770+05:00 level=INFO msg="GetAllStories ended"
time=2024-07-16T09:13:33.652+05:00 level=INFO msg="GetAllStories started"
time=2024-07-16T09:13:33.654+05:00 level=INFO msg="GetAllStories ended"
time=2024-07-16T09:13:53.491+05:00 level=INFO msg="GetAllStories started"
time=2024-07-16T09:13:53.493+05:00 level=INFO msg="GetAllStories ended"
time=2024-07-16T09:14:56.721+05:00 level=INFO msg="GetStory started"
time=2024-07-16T09:14:56.741+05:00 level=INFO msg="GetStory ended"
time=2024-07-16T09:16:11.626+05:00 level=INFO msg="UpdateStory started"
time=2024-07-16T09:16:11.650+05:00 level=INFO msg="UpdateStory ended"
time=2024-07-16T09:16:39.905+05:00 level=INFO msg="UpdateStory started"
time=2024-07-16T09:16:39.910+05:00 level=INFO msg="UpdateStory ended"
time=2024-07-16T09:17:16.153+05:00 level=INFO msg="DeleteStory started"
time=2024-07-16T09:17:16.174+05:00 level=INFO msg="DeleteStory ended"
time=2024-07-16T09:17:47.715+05:00 level=INFO msg="GetAllStories started"
time=2024-07-16T09:17:47.730+05:00 level=INFO msg="GetAllStories ended"
time=2024-07-16T09:18:03.138+05:00 level=INFO msg="GetStory started"
time=2024-07-16T09:18:03.141+05:00 level=ERROR msg="rpc error: code = Unknown desc = sql: no rows in result set"
time=2024-07-16T09:18:03.141+05:00 level=INFO msg="GetStory ended"
time=2024-07-16T09:19:16.418+05:00 level=INFO msg="CommentStory started"
time=2024-07-16T09:19:16.444+05:00 level=INFO msg="CommentStory ended"
time=2024-07-16T09:20:38.232+05:00 level=INFO msg="GetCommentsOfStory started"
time=2024-07-16T09:20:38.253+05:00 level=INFO msg="GetCommentsOfStory ended"
time=2024-07-16T09:21:48.697+05:00 level=INFO msg="Like started"
time=2024-07-16T09:21:48.708+05:00 level=INFO msg="Like ended"
time=2024-07-16T09:21:55.343+05:00 level=INFO msg="Like started"
time=2024-07-16T09:21:55.344+05:00 level=ERROR msg="rpc error: code = Unknown desc = sql: no rows in result set"
time=2024-07-16T09:21:55.344+05:00 level=INFO msg="Like ended"
time=2024-07-16T09:21:59.489+05:00 level=INFO msg="Like started"
time=2024-07-16T09:21:59.490+05:00 level=ERROR msg="rpc error: code = Unknown desc = sql: no rows in result set"
time=2024-07-16T09:21:59.490+05:00 level=INFO msg="Like ended"
time=2024-07-16T09:22:38.424+05:00 level=INFO msg="Like started"
time=2024-07-16T09:22:38.438+05:00 level=INFO msg="Like ended"
time=2024-07-16T09:22:44.301+05:00 level=INFO msg="Like started"
time=2024-07-16T09:22:44.302+05:00 level=ERROR msg="rpc error: code = Unknown desc = sql: no rows in result set"
time=2024-07-16T09:22:44.302+05:00 level=INFO msg="Like ended"
time=2024-07-16T09:27:06.741+05:00 level=INFO msg="Like started"
time=2024-07-16T09:27:06.784+05:00 level=INFO msg="Like ended"
time=2024-07-16T09:30:37.615+05:00 level=INFO msg="GetAllStories started"
time=2024-07-16T09:30:37.615+05:00 level=ERROR msg="strconv.Atoi: parsing \"o\": invalid syntax"
time=2024-07-16T09:30:47.259+05:00 level=INFO msg="GetAllStories started"
time=2024-07-16T09:30:47.303+05:00 level=INFO msg="GetAllStories ended"
time=2024-07-16T09:30:53.749+05:00 level=INFO msg="GetAllStories started"
time=2024-07-16T09:30:53.750+05:00 level=INFO msg="GetAllStories ended"
time=2024-07-16T09:31:02.778+05:00 level=INFO msg="GetAllStories started"
time=2024-07-16T09:31:02.781+05:00 level=INFO msg="GetAllStories ended"
time=2024-07-16T09:32:49.526+05:00 level=INFO msg="GetAllStories started"
time=2024-07-16T09:32:49.558+05:00 level=INFO msg="GetAllStories ended"
time=2024-07-16T09:33:28.034+05:00 level=INFO msg="GetItineraries started"
time=2024-07-16T09:33:28.057+05:00 level=INFO msg="GetItineraries ended"
time=2024-07-16T09:35:28.750+05:00 level=INFO msg="Itineraries started"
time=2024-07-16T09:35:28.772+05:00 level=INFO msg="Itineraries ended"
time=2024-07-16T09:36:17.137+05:00 level=INFO msg="Itineraries started"
time=2024-07-16T09:36:17.154+05:00 level=INFO msg="Itineraries ended"
time=2024-07-16T09:36:53.856+05:00 level=INFO msg="GetItineraries started"
time=2024-07-16T09:36:53.873+05:00 level=INFO msg="GetItineraries ended"
time=2024-07-16T09:37:49.124+05:00 level=INFO msg="GetItinerariesById started"
time=2024-07-16T09:37:49.136+05:00 level=ERROR msg="rpc error: code = Unavailable desc = error reading from server: EOF"
time=2024-07-16T09:37:49.136+05:00 level=INFO msg="GetItinerariesById ended"
time=2024-07-16T09:39:38.683+05:00 level=INFO msg="GetItinerariesById started"
time=2024-07-16T09:39:38.716+05:00 level=ERROR msg="rpc error: code = Unavailable desc = connection error: desc = \"transport: Error while dialing: dial tcp [::1]:50052: connect: connection refused\""
time=2024-07-16T09:39:38.716+05:00 level=INFO msg="GetItinerariesById ended"
time=2024-07-16T09:40:17.439+05:00 level=INFO msg="GetItinerariesById started"
time=2024-07-16T09:40:17.439+05:00 level=ERROR msg="rpc error: code = Unavailable desc = connection error: desc = \"transport: Error while dialing: dial tcp [::1]:50052: connect: connection refused\""
time=2024-07-16T09:40:17.440+05:00 level=INFO msg="GetItinerariesById ended"
time=2024-07-16T09:40:21.220+05:00 level=INFO msg="GetItinerariesById started"
time=2024-07-16T09:40:21.220+05:00 level=ERROR msg="rpc error: code = Unavailable desc = connection error: desc = \"transport: Error while dialing: dial tcp [::1]:50052: connect: connection refused\""
time=2024-07-16T09:40:21.220+05:00 level=INFO msg="GetItinerariesById ended"
time=2024-07-16T09:40:38.701+05:00 level=INFO msg="GetItineraries started"
time=2024-07-16T09:40:38.710+05:00 level=INFO msg="GetItineraries ended"
time=2024-07-16T09:40:57.461+05:00 level=INFO msg="GetItinerariesById started"
time=2024-07-16T09:40:57.468+05:00 level=ERROR msg="rpc error: code = Unavailable desc = error reading from server: EOF"
time=2024-07-16T09:40:57.468+05:00 level=INFO msg="GetItinerariesById ended"
time=2024-07-16T09:45:46.701+05:00 level=INFO msg="GetItinerariesById started"
time=2024-07-16T09:45:46.715+05:00 level=ERROR msg="rpc error: code = Unavailable desc = error reading from server: EOF"
time=2024-07-16T09:45:46.715+05:00 level=INFO msg="GetItinerariesById ended"
time=2024-07-16T09:52:08.470+05:00 level=INFO msg="GetItinerariesById started"
time=2024-07-16T09:52:08.558+05:00 level=ERROR msg="rpc error: code = Unavailable desc = error reading from server: EOF"
time=2024-07-16T09:52:08.560+05:00 level=INFO msg="GetItinerariesById ended"
time=2024-07-16T09:52:33.392+05:00 level=INFO msg="GetItinerariesById started"
time=2024-07-16T09:52:33.477+05:00 level=ERROR msg="rpc error: code = Unavailable desc = connection error: desc = \"transport: Error while dialing: dial tcp [::1]:50052: connect: connection refused\""
time=2024-07-16T09:52:33.478+05:00 level=INFO msg="GetItinerariesById ended"
time=2024-07-16T09:52:51.375+05:00 level=INFO msg="GetItinerariesById started"
time=2024-07-16T09:52:51.409+05:00 level=ERROR msg="rpc error: code = Unavailable desc = error reading from server: EOF"
time=2024-07-16T09:52:51.409+05:00 level=INFO msg="GetItinerariesById ended"
time=2024-07-16T11:40:57.928+05:00 level=INFO msg="GetItinerariesById started"
time=2024-07-16T11:40:58.010+05:00 level=ERROR msg="rpc error: code = Unavailable desc = error reading from server: EOF"
time=2024-07-16T11:40:58.011+05:00 level=INFO msg="GetItinerariesById ended"
time=2024-07-16T11:42:20.101+05:00 level=INFO msg="GetItinerariesById started"
time=2024-07-16T11:42:20.131+05:00 level=ERROR msg="rpc error: code = Unavailable desc = connection error: desc = \"transport: Error while dialing: dial tcp [::1]:50052: connect: connection refused\""
time=2024-07-16T11:42:20.131+05:00 level=INFO msg="GetItinerariesById ended"
time=2024-07-16T11:42:31.939+05:00 level=INFO msg="GetItinerariesById started"
time=2024-07-16T11:42:31.952+05:00 level=ERROR msg="rpc error: code = Unavailable desc = error reading from server: EOF"
time=2024-07-16T11:42:31.953+05:00 level=INFO msg="GetItinerariesById ended"
time=2024-07-16T11:44:17.611+05:00 level=INFO msg="GetItinerariesById started"
time=2024-07-16T11:44:17.667+05:00 level=ERROR msg="rpc error: code = Unavailable desc = error reading from server: EOF"
time=2024-07-16T11:44:17.667+05:00 level=INFO msg="GetItinerariesById ended"
time=2024-07-16T11:49:28.358+05:00 level=INFO msg="GetItinerariesById started"
time=2024-07-16T11:49:28.409+05:00 level=ERROR msg="rpc error: code = Unavailable desc = error reading from server: EOF"
time=2024-07-16T11:49:28.409+05:00 level=INFO msg="GetItinerariesById ended"
time=2024-07-16T11:50:21.852+05:00 level=INFO msg="GetItinerariesById started"
time=2024-07-16T11:50:21.865+05:00 level=ERROR msg="rpc error: code = Unavailable desc = error reading from server: EOF"
time=2024-07-16T11:50:21.865+05:00 level=INFO msg="GetItinerariesById ended"
time=2024-07-16T12:04:02.469+05:00 level=INFO msg="GetItinerariesById started"
time=2024-07-16T12:04:02.543+05:00 level=ERROR msg="rpc error: code = Unavailable desc = error reading from server: EOF"
time=2024-07-16T12:04:02.543+05:00 level=INFO msg="GetItinerariesById ended"
time=2024-07-16T12:04:49.633+05:00 level=INFO msg="GetItinerariesById started"
time=2024-07-16T12:04:49.652+05:00 level=ERROR msg="rpc error: code = Unavailable desc = error reading from server: EOF"
time=2024-07-16T12:04:49.652+05:00 level=INFO msg="GetItinerariesById ended"
time=2024-07-16T12:05:40.886+05:00 level=INFO msg="GetItinerariesById started"
time=2024-07-16T12:05:40.907+05:00 level=ERROR msg="rpc error: code = Unavailable desc = error reading from server: EOF"
time=2024-07-16T12:05:40.907+05:00 level=INFO msg="GetItinerariesById ended"
time=2024-07-16T12:06:06.080+05:00 level=INFO msg="GetItinerariesById started"
time=2024-07-16T12:06:06.094+05:00 level=ERROR msg="rpc error: code = Unavailable desc = error reading from server: EOF"
time=2024-07-16T12:06:06.094+05:00 level=INFO msg="GetItinerariesById ended"
time=2024-07-16T12:08:48.214+05:00 level=INFO msg="GetItinerariesById started"
time=2024-07-16T12:08:48.243+05:00 level=ERROR msg="rpc error: code = Unavailable desc = error reading from server: EOF"
time=2024-07-16T12:08:48.243+05:00 level=INFO msg="GetItinerariesById ended"
time=2024-07-16T12:25:06.339+05:00 level=INFO msg="GetItinerariesById started"
time=2024-07-16T12:25:06.402+05:00 level=ERROR msg="rpc error: code = Unknown desc = pq: more than one row returned by a subquery used as an expression"
time=2024-07-16T12:25:06.402+05:00 level=INFO msg="GetItinerariesById ended"
time=2024-07-16T12:35:58.751+05:00 level=INFO msg="GetItinerariesById started"
time=2024-07-16T12:35:58.784+05:00 level=INFO msg="GetItinerariesById ended"
time=2024-07-16T12:43:25.842+05:00 level=INFO msg="GetItinerariesById started"
time=2024-07-16T12:43:25.862+05:00 level=INFO msg="GetItinerariesById ended"
time=2024-07-16T12:43:54.208+05:00 level=INFO msg="GetItinerariesById started"
time=2024-07-16T12:43:54.243+05:00 level=INFO msg="GetItinerariesById ended"
time=2024-07-16T12:46:42.212+05:00 level=INFO msg="UpdateItineraries started"
time=2024-07-16T12:46:42.228+05:00 level=INFO msg="UpdateItineraries ended"
time=2024-07-16T12:47:23.441+05:00 level=INFO msg="DeleteItineraries started"
time=2024-07-16T12:47:23.454+05:00 level=INFO msg="DeleteItineraries ended"
time=2024-07-16T12:47:47.349+05:00 level=INFO msg="GetItineraries started"
time=2024-07-16T12:47:47.358+05:00 level=INFO msg="GetItineraries ended"
time=2024-07-16T12:52:26.798+05:00 level=INFO msg="CommentItineraries started"
time=2024-07-16T12:52:26.864+05:00 level=INFO msg="CommentItineraries ended"
time=2024-07-16T12:57:38.942+05:00 level=INFO msg="CommentItineraries started"
time=2024-07-16T12:57:38.963+05:00 level=INFO msg="CommentItineraries ended"
time=2024-07-16T12:58:17.687+05:00 level=INFO msg="GetItinerariesById started"
time=2024-07-16T12:58:17.705+05:00 level=ERROR msg="rpc error: code = Unknown desc = sql: no rows in result set"
time=2024-07-16T12:58:17.706+05:00 level=INFO msg="GetItinerariesById ended"
time=2024-07-16T12:58:38.401+05:00 level=INFO msg="GetItinerariesById started"
time=2024-07-16T12:58:38.436+05:00 level=INFO msg="GetItinerariesById ended"
time=2024-07-16T12:59:30.840+05:00 level=INFO msg="GetUserStat started"
time=2024-07-16T12:59:30.870+05:00 level=INFO msg="GetUserStat ended"
time=2024-07-16T13:15:44.802+05:00 level=INFO msg="Like started"
time=2024-07-16T13:15:44.841+05:00 level=INFO msg="Like ended"
time=2024-07-16T13:16:00.277+05:00 level=INFO msg="Like started"
time=2024-07-16T13:16:00.299+05:00 level=INFO msg="Like ended"
time=2024-07-16T13:16:11.319+05:00 level=INFO msg="GetUserStat started"
time=2024-07-16T13:16:11.368+05:00 level=INFO msg="GetUserStat ended"
time=2024-07-16T13:18:02.230+05:00 level=INFO msg="CommentStory started"
time=2024-07-16T13:18:02.246+05:00 level=INFO msg="CommentStory ended"
time=2024-07-16T13:18:08.275+05:00 level=INFO msg="GetUserStat started"
time=2024-07-16T13:18:08.280+05:00 level=INFO msg="GetUserStat ended"
time=2024-07-16T13:18:53.742+05:00 level=INFO msg="CommentStory started"
time=2024-07-16T13:18:53.754+05:00 level=INFO msg="CommentStory ended"
time=2024-07-16T13:19:03.116+05:00 level=INFO msg="GetUserStat started"
time=2024-07-16T13:19:03.132+05:00 level=INFO msg="GetUserStat ended"
time=2024-07-16T13:20:01.792+05:00 level=INFO msg="GetDestinations started"
time=2024-07-16T13:20:01.814+05:00 level=INFO msg="GetDestinations ended"
time=2024-07-16T13:20:13.341+05:00 level=INFO msg="GetDestinations started"
time=2024-07-16T13:20:13.343+05:00 level=INFO msg="GetDestinations ended"
time=2024-07-16T13:20:41.043+05:00 level=INFO msg="GetDestinations started"
time=2024-07-16T13:20:41.050+05:00 level=INFO msg="GetDestinations ended"
time=2024-07-16T13:21:20.089+05:00 level=INFO msg="GetDestinationsById started"
time=2024-07-16T13:21:20.090+05:00 level=ERROR msg="id is empty"
time=2024-07-16T13:21:20.099+05:00 level=INFO msg="GetDestinationsById ended"
time=2024-07-16T13:22:25.031+05:00 level=INFO msg="GetDestinationsById started"
time=2024-07-16T13:22:25.158+05:00 level=INFO msg="GetDestinationsById ended"
time=2024-07-16T13:22:49.433+05:00 level=INFO msg="GetMessages started"
time=2024-07-16T13:22:49.450+05:00 level=ERROR msg="rpc error: code = Unknown desc = failed to fetch messages: pq: column s.user_id does not exist"
time=2024-07-16T13:22:49.450+05:00 level=INFO msg="GetMessages ended"
time=2024-07-16T13:27:39.070+05:00 level=INFO msg="GetMessages started"
time=2024-07-16T13:27:39.085+05:00 level=INFO msg="GetMessages ended"
time=2024-07-16T13:29:09.082+05:00 level=INFO msg="SendMessage started"
time=2024-07-16T13:29:09.104+05:00 level=INFO msg="SendMessage ended"
time=2024-07-16T13:29:31.075+05:00 level=INFO msg="GetMessages started"
time=2024-07-16T13:29:31.078+05:00 level=INFO msg="GetMessages ended"
time=2024-07-16T13:30:21.920+05:00 level=INFO msg="CreateTips started"
time=2024-07-16T13:30:21.941+05:00 level=INFO msg="CreateTips ended"
time=2024-07-16T13:30:35.206+05:00 level=INFO msg="GetTips started"
time=2024-07-16T13:30:35.212+05:00 level=ERROR msg="rpc error: code = Unknown desc = pq: column tt.deleted_at does not exist"
time=2024-07-16T13:30:35.212+05:00 level=INFO msg="GetTips ended"
time=2024-07-16T13:32:05.525+05:00 level=INFO msg="GetTips started"
time=2024-07-16T13:32:05.539+05:00 level=ERROR msg="rpc error: code = Unknown desc = pq: could not determine data type of parameter $1"
time=2024-07-16T13:32:05.539+05:00 level=INFO msg="GetTips ended"
time=2024-07-16T13:42:54.285+05:00 level=INFO msg="GetTips started"
time=2024-07-16T13:42:54.316+05:00 level=ERROR msg="rpc error: code = Unknown desc = pq: got 2 parameters but the statement requires 0"
time=2024-07-16T13:42:54.317+05:00 level=INFO msg="GetTips ended"
time=2024-07-16T13:44:59.666+05:00 level=INFO msg="GetTips started"
time=2024-07-16T13:44:59.719+05:00 level=INFO msg="GetTips ended"
time=2024-07-16T13:45:13.024+05:00 level=INFO msg="GetTips started"
time=2024-07-16T13:45:13.057+05:00 level=INFO msg="GetTips ended"
time=2024-07-16T13:45:18.923+05:00 level=INFO msg="GetTips started"
time=2024-07-16T13:45:18.926+05:00 level=INFO msg="GetTips ended"
time=2024-07-16T17:21:39.724+05:00 level=INFO msg="TopDestinations started"
time=2024-07-16T17:21:39.867+05:00 level=INFO msg="TopDestinations ended"
time=2024-07-16T18:11:55.295+05:00 level=INFO msg="GetDestinations started"
time=2024-07-16T18:11:55.372+05:00 level=INFO msg="GetDestinations ended"
time=2024-07-16T18:12:17.625+05:00 level=INFO msg="GetMessages started"
time=2024-07-16T18:12:17.635+05:00 level=INFO msg="GetMessages ended"
time=2024-07-16T18:12:32.976+05:00 level=INFO msg="GetAllStories started"
time=2024-07-16T18:12:32.980+05:00 level=INFO msg="GetAllStories ended"
time=2024-07-16T18:12:50.501+05:00 level=INFO msg="GetTips started"
time=2024-07-16T18:12:50.504+05:00 level=INFO msg="GetTips ended"
time=2024-07-16T18:13:02.065+05:00 level=INFO msg="TopDestinations started"
time=2024-07-16T18:13:02.086+05:00 level=INFO msg="TopDestinations ended"
time=2024-07-16T18:16:45.513+05:00 level=INFO msg="GetUserStat started"
time=2024-07-16T18:16:45.526+05:00 level=INFO msg="GetUserStat ended"
time=2024-07-16T18:24:10.529+05:00 level=INFO msg="GetTips started"
time=2024-07-16T18:24:10.537+05:00 level=INFO msg="GetTips ended"
